#! /usr/local/Cellar/icarus-verilog/10.2_1/bin/vvp
:ivl_version "10.2 (stable)" "(v10_2)";
:ivl_delay_selection "TYPICAL";
:vpi_time_precision + 0;
:vpi_module "system";
:vpi_module "vhdl_sys";
:vpi_module "v2005_math";
:vpi_module "va_math";
S_0x7fab20504020 .scope module, "demux1x8_switch" "demux1x8_switch" 2 1;
 .timescale 0 0;
    .port_info 0 /INPUT 1 "in"
    .port_info 1 /INPUT 3 "sel"
    .port_info 2 /OUTPUT 8 "result"
o0x100a3e008 .functor BUFZ 1, C4<z>; HiZ drive
v0x7fab20504180_0 .net "in", 0 0, o0x100a3e008;  0 drivers
v0x7fab20514130_0 .var "result", 7 0;
o0x100a3e068 .functor BUFZ 3, C4<zzz>; HiZ drive
v0x7fab205141d0_0 .net "sel", 2 0, o0x100a3e068;  0 drivers
E_0x7fab20500c60 .event edge, v0x7fab205141d0_0;
    .scope S_0x7fab20504020;
T_0 ;
    %wait E_0x7fab20500c60;
    %load/vec4 v0x7fab205141d0_0;
    %dup/vec4;
    %pushi/vec4 0, 0, 3;
    %cmp/u;
    %jmp/1 T_0.0, 6;
    %dup/vec4;
    %pushi/vec4 1, 0, 3;
    %cmp/u;
    %jmp/1 T_0.1, 6;
    %dup/vec4;
    %pushi/vec4 2, 0, 3;
    %cmp/u;
    %jmp/1 T_0.2, 6;
    %dup/vec4;
    %pushi/vec4 3, 0, 3;
    %cmp/u;
    %jmp/1 T_0.3, 6;
    %dup/vec4;
    %pushi/vec4 4, 0, 3;
    %cmp/u;
    %jmp/1 T_0.4, 6;
    %dup/vec4;
    %pushi/vec4 5, 0, 3;
    %cmp/u;
    %jmp/1 T_0.5, 6;
    %dup/vec4;
    %pushi/vec4 6, 0, 3;
    %cmp/u;
    %jmp/1 T_0.6, 6;
    %dup/vec4;
    %pushi/vec4 7, 0, 3;
    %cmp/u;
    %jmp/1 T_0.7, 6;
    %jmp T_0.8;
T_0.0 ;
    %pushi/vec4 1, 0, 8;
    %assign/vec4 v0x7fab20514130_0, 0;
    %jmp T_0.8;
T_0.1 ;
    %pushi/vec4 2, 0, 8;
    %assign/vec4 v0x7fab20514130_0, 0;
    %jmp T_0.8;
T_0.2 ;
    %pushi/vec4 4, 0, 8;
    %assign/vec4 v0x7fab20514130_0, 0;
    %jmp T_0.8;
T_0.3 ;
    %pushi/vec4 8, 0, 8;
    %assign/vec4 v0x7fab20514130_0, 0;
    %jmp T_0.8;
T_0.4 ;
    %pushi/vec4 16, 0, 8;
    %assign/vec4 v0x7fab20514130_0, 0;
    %jmp T_0.8;
T_0.5 ;
    %pushi/vec4 32, 0, 8;
    %assign/vec4 v0x7fab20514130_0, 0;
    %jmp T_0.8;
T_0.6 ;
    %pushi/vec4 64, 0, 8;
    %assign/vec4 v0x7fab20514130_0, 0;
    %jmp T_0.8;
T_0.7 ;
    %pushi/vec4 128, 0, 8;
    %assign/vec4 v0x7fab20514130_0, 0;
    %jmp T_0.8;
T_0.8 ;
    %pop/vec4 1;
    %jmp T_0;
    .thread T_0, $push;
# The file index is used to find the file name in the following table.
:file_names 3;
    "N/A";
    "<interactive>";
    "demux1x8_switch.v";
