#! /usr/local/Cellar/icarus-verilog/10.2_1/bin/vvp
:ivl_version "10.2 (stable)" "(v10_2)";
:ivl_delay_selection "TYPICAL";
:vpi_time_precision + 0;
:vpi_module "system";
:vpi_module "vhdl_sys";
:vpi_module "v2005_math";
:vpi_module "va_math";
S_0x7fb802c03870 .scope module, "ha" "ha" 2 1;
 .timescale 0 0;
    .port_info 0 /INPUT 1 "a"
    .port_info 1 /INPUT 1 "b"
    .port_info 2 /OUTPUT 1 "sum"
    .port_info 3 /OUTPUT 1 "carry"
o0x10fce2008 .functor BUFZ 1, C4<z>; HiZ drive
o0x10fce2038 .functor BUFZ 1, C4<z>; HiZ drive
L_0x7fb802c13c50 .functor XOR 1, o0x10fce2008, o0x10fce2038, C4<0>, C4<0>;
L_0x7fb802c13d20 .functor AND 1, o0x10fce2008, o0x10fce2038, C4<1>, C4<1>;
v0x7fb802c039d0_0 .net "a", 0 0, o0x10fce2008;  0 drivers
v0x7fb802c13a20_0 .net "b", 0 0, o0x10fce2038;  0 drivers
v0x7fb802c13ac0_0 .net "carry", 0 0, L_0x7fb802c13d20;  1 drivers
v0x7fb802c13b50_0 .net "sum", 0 0, L_0x7fb802c13c50;  1 drivers
# The file index is used to find the file name in the following table.
:file_names 3;
    "N/A";
    "<interactive>";
    "test.v";
