#! /usr/local/Cellar/icarus-verilog/10.2_1/bin/vvp
:ivl_version "10.2 (stable)" "(v10_2)";
:ivl_delay_selection "TYPICAL";
:vpi_time_precision + 0;
:vpi_module "system";
:vpi_module "vhdl_sys";
:vpi_module "v2005_math";
:vpi_module "va_math";
S_0x7fa7b3f01480 .scope module, "shiftadd" "shiftadd" 2 1;
 .timescale 0 0;
    .port_info 0 /OUTPUT 8 "p"
    .port_info 1 /INPUT 4 "a"
    .port_info 2 /INPUT 4 "b"
    .port_info 3 /INPUT 1 "clk"
    .port_info 4 /INPUT 1 "s"
o0x10f6f6008 .functor BUFZ 4, C4<zzzz>; HiZ drive
v0x7fa7b3f01660_0 .net "a", 3 0, o0x10f6f6008;  0 drivers
o0x10f6f6038 .functor BUFZ 4, C4<zzzz>; HiZ drive
v0x7fa7b3f116d0_0 .net "b", 3 0, o0x10f6f6038;  0 drivers
o0x10f6f6068 .functor BUFZ 1, C4<z>; HiZ drive
v0x7fa7b3f11770_0 .net "clk", 0 0, o0x10f6f6068;  0 drivers
v0x7fa7b3f11820_0 .var "p", 7 0;
o0x10f6f60c8 .functor BUFZ 1, C4<z>; HiZ drive
v0x7fa7b3f118c0_0 .net "s", 0 0, o0x10f6f60c8;  0 drivers
v0x7fa7b3f119a0_0 .var "x", 3 0;
v0x7fa7b3f11a50_0 .var "y", 7 0;
E_0x7fa7b3f010a0 .event posedge, v0x7fa7b3f11770_0;
    .scope S_0x7fa7b3f01480;
T_0 ;
    %wait E_0x7fa7b3f010a0;
    %load/vec4 v0x7fa7b3f118c0_0;
    %dup/vec4;
    %pushi/vec4 0, 0, 1;
    %cmp/u;
    %jmp/1 T_0.0, 6;
    %dup/vec4;
    %pushi/vec4 1, 0, 1;
    %cmp/u;
    %jmp/1 T_0.1, 6;
    %jmp T_0.2;
T_0.0 ;
    %load/vec4 v0x7fa7b3f01660_0;
    %store/vec4 v0x7fa7b3f119a0_0, 0, 4;
    %load/vec4 v0x7fa7b3f116d0_0;
    %ix/load 4, 0, 0;
    %flag_set/imm 4, 0;
    %store/vec4 v0x7fa7b3f11a50_0, 4, 4;
    %pushi/vec4 0, 0, 4;
    %ix/load 4, 4, 0;
    %flag_set/imm 4, 0;
    %store/vec4 v0x7fa7b3f11a50_0, 4, 4;
    %jmp T_0.2;
T_0.1 ;
    %load/vec4 v0x7fa7b3f11a50_0;
    %parti/s 1, 0, 2;
    %flag_set/vec4 8;
    %jmp/0xz  T_0.3, 8;
    %load/vec4 v0x7fa7b3f11a50_0;
    %parti/s 4, 4, 4;
    %load/vec4 v0x7fa7b3f119a0_0;
    %add;
    %ix/load 4, 4, 0;
    %flag_set/imm 4, 0;
    %store/vec4 v0x7fa7b3f11a50_0, 4, 4;
T_0.3 ;
    %pushi/vec4 0, 0, 1;
    %load/vec4 v0x7fa7b3f11a50_0;
    %parti/s 7, 1, 2;
    %concat/vec4; draw_concat_vec4
    %store/vec4 v0x7fa7b3f11a50_0, 0, 8;
    %jmp T_0.2;
T_0.2 ;
    %pop/vec4 1;
    %load/vec4 v0x7fa7b3f11a50_0;
    %store/vec4 v0x7fa7b3f11820_0, 0, 8;
    %jmp T_0;
    .thread T_0;
# The file index is used to find the file name in the following table.
:file_names 3;
    "N/A";
    "<interactive>";
    "FSM_Mult.v";
