#! /usr/local/Cellar/icarus-verilog/10.2_1/bin/vvp
:ivl_version "10.2 (stable)" "(v10_2)";
:ivl_delay_selection "TYPICAL";
:vpi_time_precision + 0;
:vpi_module "system";
:vpi_module "vhdl_sys";
:vpi_module "v2005_math";
:vpi_module "va_math";
S_0x7fd93bf02720 .scope module, "encoder4x2_switch" "encoder4x2_switch" 2 1;
 .timescale 0 0;
    .port_info 0 /INPUT 4 "in"
    .port_info 1 /OUTPUT 2 "result"
o0x1024ec008 .functor BUFZ 4, C4<zzzz>; HiZ drive
v0x7fd93bf00150_0 .net "in", 3 0, o0x1024ec008;  0 drivers
v0x7fd93bf12860_0 .var "result", 1 0;
E_0x7fd93bf009e0 .event edge, v0x7fd93bf00150_0;
    .scope S_0x7fd93bf02720;
T_0 ;
    %wait E_0x7fd93bf009e0;
    %load/vec4 v0x7fd93bf00150_0;
    %dup/vec4;
    %pushi/vec4 1, 0, 4;
    %cmp/u;
    %jmp/1 T_0.0, 6;
    %dup/vec4;
    %pushi/vec4 2, 0, 4;
    %cmp/u;
    %jmp/1 T_0.1, 6;
    %dup/vec4;
    %pushi/vec4 4, 0, 4;
    %cmp/u;
    %jmp/1 T_0.2, 6;
    %dup/vec4;
    %pushi/vec4 8, 0, 4;
    %cmp/u;
    %jmp/1 T_0.3, 6;
    %jmp T_0.4;
T_0.0 ;
    %pushi/vec4 0, 0, 2;
    %assign/vec4 v0x7fd93bf12860_0, 0;
    %jmp T_0.4;
T_0.1 ;
    %pushi/vec4 1, 0, 2;
    %assign/vec4 v0x7fd93bf12860_0, 0;
    %jmp T_0.4;
T_0.2 ;
    %pushi/vec4 2, 0, 2;
    %assign/vec4 v0x7fd93bf12860_0, 0;
    %jmp T_0.4;
T_0.3 ;
    %pushi/vec4 3, 0, 2;
    %assign/vec4 v0x7fd93bf12860_0, 0;
    %jmp T_0.4;
T_0.4 ;
    %pop/vec4 1;
    %jmp T_0;
    .thread T_0, $push;
# The file index is used to find the file name in the following table.
:file_names 3;
    "N/A";
    "<interactive>";
    "encoder4x2_switch.v";
