#! /usr/local/Cellar/icarus-verilog/10.2_1/bin/vvp
:ivl_version "10.2 (stable)" "(v10_2)";
:ivl_delay_selection "TYPICAL";
:vpi_time_precision + 0;
:vpi_module "system";
:vpi_module "vhdl_sys";
:vpi_module "v2005_math";
:vpi_module "va_math";
S_0x7fe832d05c10 .scope module, "FSM_01" "FSM_01" 2 1;
 .timescale 0 0;
    .port_info 0 /INPUT 1 "clk"
    .port_info 1 /INPUT 1 "rst"
    .port_info 2 /INPUT 1 "in"
    .port_info 3 /OUTPUT 1 "out"
o0x1086e2008 .functor BUFZ 1, C4<z>; HiZ drive
v0x7fe832d05d70_0 .net "clk", 0 0, o0x1086e2008;  0 drivers
o0x1086e2038 .functor BUFZ 1, C4<z>; HiZ drive
v0x7fe832d15c30_0 .net "in", 0 0, o0x1086e2038;  0 drivers
v0x7fe832d15cd0_0 .var "out", 0 0;
o0x1086e2098 .functor BUFZ 1, C4<z>; HiZ drive
v0x7fe832d15d60_0 .net "rst", 0 0, o0x1086e2098;  0 drivers
v0x7fe832d15e00_0 .var "state", 1 0;
E_0x7fe832d05250 .event posedge, v0x7fe832d15d60_0, v0x7fe832d05d70_0;
    .scope S_0x7fe832d05c10;
T_0 ;
    %wait E_0x7fe832d05250;
    %load/vec4 v0x7fe832d15d60_0;
    %flag_set/vec4 8;
    %jmp/0xz  T_0.0, 8;
    %pushi/vec4 0, 0, 2;
    %assign/vec4 v0x7fe832d15e00_0, 0;
    %jmp T_0.1;
T_0.0 ;
    %load/vec4 v0x7fe832d15e00_0;
    %dup/vec4;
    %pushi/vec4 0, 0, 2;
    %cmp/u;
    %jmp/1 T_0.2, 6;
    %dup/vec4;
    %pushi/vec4 1, 0, 2;
    %cmp/u;
    %jmp/1 T_0.3, 6;
    %dup/vec4;
    %pushi/vec4 3, 0, 2;
    %cmp/u;
    %jmp/1 T_0.4, 6;
    %dup/vec4;
    %pushi/vec4 2, 0, 2;
    %cmp/u;
    %jmp/1 T_0.5, 6;
    %jmp T_0.6;
T_0.2 ;
    %load/vec4 v0x7fe832d15c30_0;
    %flag_set/vec4 8;
    %jmp/0xz  T_0.7, 8;
    %pushi/vec4 2, 0, 2;
    %assign/vec4 v0x7fe832d15e00_0, 0;
    %jmp T_0.8;
T_0.7 ;
    %pushi/vec4 1, 0, 2;
    %assign/vec4 v0x7fe832d15e00_0, 0;
T_0.8 ;
    %jmp T_0.6;
T_0.3 ;
    %load/vec4 v0x7fe832d15c30_0;
    %flag_set/vec4 8;
    %jmp/0xz  T_0.9, 8;
    %pushi/vec4 3, 0, 2;
    %assign/vec4 v0x7fe832d15e00_0, 0;
    %jmp T_0.10;
T_0.9 ;
    %pushi/vec4 2, 0, 2;
    %assign/vec4 v0x7fe832d15e00_0, 0;
T_0.10 ;
    %jmp T_0.6;
T_0.4 ;
    %load/vec4 v0x7fe832d15c30_0;
    %flag_set/vec4 8;
    %jmp/0xz  T_0.11, 8;
    %pushi/vec4 3, 0, 2;
    %assign/vec4 v0x7fe832d15e00_0, 0;
    %jmp T_0.12;
T_0.11 ;
    %pushi/vec4 2, 0, 2;
    %assign/vec4 v0x7fe832d15e00_0, 0;
T_0.12 ;
    %jmp T_0.6;
T_0.5 ;
    %load/vec4 v0x7fe832d15c30_0;
    %flag_set/vec4 8;
    %jmp/0xz  T_0.13, 8;
    %pushi/vec4 2, 0, 2;
    %assign/vec4 v0x7fe832d15e00_0, 0;
    %jmp T_0.14;
T_0.13 ;
    %pushi/vec4 2, 0, 2;
    %assign/vec4 v0x7fe832d15e00_0, 0;
T_0.14 ;
    %jmp T_0.6;
T_0.6 ;
    %pop/vec4 1;
T_0.1 ;
    %jmp T_0;
    .thread T_0;
    .scope S_0x7fe832d05c10;
T_1 ;
    %wait E_0x7fe832d05250;
    %load/vec4 v0x7fe832d15d60_0;
    %flag_set/vec4 8;
    %jmp/0xz  T_1.0, 8;
    %pushi/vec4 0, 0, 1;
    %assign/vec4 v0x7fe832d15cd0_0, 0;
    %jmp T_1.1;
T_1.0 ;
    %load/vec4 v0x7fe832d15e00_0;
    %cmpi/e 3, 0, 2;
    %jmp/0xz  T_1.2, 4;
    %pushi/vec4 1, 0, 1;
    %assign/vec4 v0x7fe832d15cd0_0, 0;
    %jmp T_1.3;
T_1.2 ;
    %pushi/vec4 0, 0, 1;
    %assign/vec4 v0x7fe832d15cd0_0, 0;
T_1.3 ;
T_1.1 ;
    %jmp T_1;
    .thread T_1;
# The file index is used to find the file name in the following table.
:file_names 3;
    "N/A";
    "<interactive>";
    "FSM_01.v";
