#! /usr/local/Cellar/icarus-verilog/10.2_1/bin/vvp
:ivl_version "10.2 (stable)" "(v10_2)";
:ivl_delay_selection "TYPICAL";
:vpi_time_precision + 0;
:vpi_module "system";
:vpi_module "vhdl_sys";
:vpi_module "v2005_math";
:vpi_module "va_math";
S_0x7fdc27e00160 .scope module, "transmission" "transmission" 2 3;
 .timescale 0 0;
    .port_info 0 /INPUT 1 "a"
    .port_info 1 /INPUT 1 "en"
    .port_info 2 /OUTPUT 1 "result"
RS_0x1036e8098 .resolv tri, L_0x7fdc27e10bd0, L_0x7fdc27e10d20;
L_0x7fdc27e10dd0 .functor PMOS 1, L_0x7fdc27e10ee0, RS_0x1036e8098, C4<0>, C4<0>;
o0x1036e8068 .functor BUFZ 1, C4<z>; HiZ drive
L_0x7fdc27e10ee0 .functor NMOS 1, L_0x7fdc27e10dd0, o0x1036e8068, C4<0>, C4<0>;
v0x7fdc27e107d0_0 .net8 "a", 0 0, L_0x7fdc27e10ee0;  1 drivers, strength-aware
v0x7fdc27e10870_0 .net "en", 0 0, o0x1036e8068;  0 drivers
v0x7fdc27e10930_0 .net8 "en_comp", 0 0, RS_0x1036e8098;  2 drivers, strength-aware
v0x7fdc27e10a00_0 .net8 "result", 0 0, L_0x7fdc27e10dd0;  1 drivers, strength-aware
S_0x7fdc27e00320 .scope module, "not_temp" "not_gate" 2 7, 3 1 0, S_0x7fdc27e00160;
 .timescale 0 0;
    .port_info 0 /INPUT 1 "a"
    .port_info 1 /OUTPUT 1 "result"
L_0x7fdc27e10b30 .functor BUFT 1, C8<771>, C4<0>, C4<0>, C4<0>;
L_0x7fdc27e10bd0 .functor PMOS 1, L_0x7fdc27e10b30, o0x1036e8068, C4<0>, C4<0>;
L_0x7fdc27e10ab0 .functor BUFT 1, C8<770>, C4<0>, C4<0>, C4<0>;
L_0x7fdc27e10d20 .functor NMOS 1, L_0x7fdc27e10ab0, o0x1036e8068, C4<0>, C4<0>;
v0x7fdc27e00520_0 .net8 "Gnd", 0 0, L_0x7fdc27e10ab0;  1 drivers, strength-aware
v0x7fdc27e105d0_0 .net8 "Vdd", 0 0, L_0x7fdc27e10b30;  1 drivers, strength-aware
v0x7fdc27e10670_0 .net "a", 0 0, o0x1036e8068;  alias, 0 drivers
v0x7fdc27e10700_0 .net8 "result", 0 0, RS_0x1036e8098;  alias, 2 drivers, strength-aware
# The file index is used to find the file name in the following table.
:file_names 4;
    "N/A";
    "<interactive>";
    "tranmission.v";
    "./../not/not.v";
