#! /usr/local/Cellar/icarus-verilog/10.2_1/bin/vvp
:ivl_version "10.2 (stable)" "(v10_2)";
:ivl_delay_selection "TYPICAL";
:vpi_time_precision + 0;
:vpi_module "system";
:vpi_module "vhdl_sys";
:vpi_module "v2005_math";
:vpi_module "va_math";
S_0x7fc1fbe00b60 .scope module, "nand_gate" "nand_gate" 2 1;
 .timescale 0 0;
    .port_info 0 /INPUT 1 "a"
    .port_info 1 /INPUT 1 "b"
    .port_info 2 /OUTPUT 1 "result"
L_0x7fc1fbe110d0 .functor BUFT 1, C8<771>, C4<0>, C4<0>, C4<0>;
o0x10f5a5068 .functor BUFZ 1, C4<z>; HiZ drive
L_0x7fc1fbe11170 .functor PMOS 1, L_0x7fc1fbe110d0, o0x10f5a5068, C4<0>, C4<0>;
o0x10f5a5098 .functor BUFZ 1, C4<z>; HiZ drive
L_0x7fc1fbe11280 .functor PMOS 1, L_0x7fc1fbe110d0, o0x10f5a5098, C4<0>, C4<0>;
L_0x7fc1fbe11350 .functor NMOS 1, L_0x7fc1fbe11470, o0x10f5a5068, C4<0>, C4<0>;
L_0x7fc1fbe11050 .functor BUFT 1, C8<770>, C4<0>, C4<0>, C4<0>;
L_0x7fc1fbe11470 .functor NMOS 1, L_0x7fc1fbe11050, o0x10f5a5098, C4<0>, C4<0>;
v0x7fc1fbe00cc0_0 .net8 "Gnd", 0 0, L_0x7fc1fbe11050;  1 drivers, strength-aware
v0x7fc1fbe10cd0_0 .net8 "Vdd", 0 0, L_0x7fc1fbe110d0;  1 drivers, strength-aware
v0x7fc1fbe10d70_0 .net "a", 0 0, o0x10f5a5068;  0 drivers
v0x7fc1fbe10e00_0 .net "b", 0 0, o0x10f5a5098;  0 drivers
v0x7fc1fbe10ea0_0 .net8 "c", 0 0, L_0x7fc1fbe11470;  1 drivers, strength-aware
RS_0x10f5a50f8 .resolv tri, L_0x7fc1fbe11170, L_0x7fc1fbe11280, L_0x7fc1fbe11350;
v0x7fc1fbe10f80_0 .net8 "result", 0 0, RS_0x10f5a50f8;  3 drivers, strength-aware
# The file index is used to find the file name in the following table.
:file_names 3;
    "N/A";
    "<interactive>";
    "nand.v";
