#! /usr/local/Cellar/icarus-verilog/10.2_1/bin/vvp
:ivl_version "10.2 (stable)" "(v10_2)";
:ivl_delay_selection "TYPICAL";
:vpi_time_precision + 0;
:vpi_module "system";
:vpi_module "vhdl_sys";
:vpi_module "v2005_math";
:vpi_module "va_math";
S_0x7fbe85500480 .scope module, "not_gate" "not_gate" 2 1;
 .timescale 0 0;
    .port_info 0 /INPUT 1 "a"
    .port_info 1 /OUTPUT 1 "result"
L_0x7fbe8560f8c0 .functor BUFT 1, C8<771>, C4<0>, C4<0>, C4<0>;
o0x10f01d068 .functor BUFZ 1, C4<z>; HiZ drive
L_0x7fbe8560f960 .functor PMOS 1, L_0x7fbe8560f8c0, o0x10f01d068, C4<0>, C4<0>;
L_0x7fbe8560f820 .functor BUFT 1, C8<770>, C4<0>, C4<0>, C4<0>;
L_0x7fbe8560fa70 .functor NMOS 1, L_0x7fbe8560f820, o0x10f01d068, C4<0>, C4<0>;
v0x7fbe855005e0_0 .net8 "Gnd", 0 0, L_0x7fbe8560f820;  1 drivers, strength-aware
v0x7fbe8560f5f0_0 .net8 "Vdd", 0 0, L_0x7fbe8560f8c0;  1 drivers, strength-aware
v0x7fbe8560f6a0_0 .net "a", 0 0, o0x10f01d068;  0 drivers
RS_0x10f01d098 .resolv tri, L_0x7fbe8560f960, L_0x7fbe8560fa70;
v0x7fbe8560f750_0 .net8 "result", 0 0, RS_0x10f01d098;  2 drivers, strength-aware
# The file index is used to find the file name in the following table.
:file_names 3;
    "N/A";
    "<interactive>";
    "not.v";
