#! /usr/local/Cellar/icarus-verilog/10.2_1/bin/vvp
:ivl_version "10.2 (stable)" "(v10_2)";
:ivl_delay_selection "TYPICAL";
:vpi_time_precision + 0;
:vpi_module "system";
:vpi_module "vhdl_sys";
:vpi_module "v2005_math";
:vpi_module "va_math";
S_0x7feb616063c0 .scope module, "decoder2x4_switch" "decoder2x4_switch" 2 1;
 .timescale 0 0;
    .port_info 0 /INPUT 2 "in"
    .port_info 1 /INPUT 1 "en"
    .port_info 2 /OUTPUT 4 "result"
o0x101919008 .functor BUFZ 1, C4<z>; HiZ drive
v0x7feb61606520_0 .net "en", 0 0, o0x101919008;  0 drivers
o0x101919038 .functor BUFZ 2, C4<zz>; HiZ drive
v0x7feb616164b0_0 .net "in", 1 0, o0x101919038;  0 drivers
v0x7feb61616550_0 .var "result", 3 0;
E_0x7feb616036e0 .event edge, v0x7feb61606520_0, v0x7feb616164b0_0;
    .scope S_0x7feb616063c0;
T_0 ;
    %wait E_0x7feb616036e0;
    %load/vec4 v0x7feb61606520_0;
    %flag_set/vec4 8;
    %jmp/0xz  T_0.0, 8;
    %load/vec4 v0x7feb616164b0_0;
    %dup/vec4;
    %pushi/vec4 0, 0, 2;
    %cmp/u;
    %jmp/1 T_0.2, 6;
    %dup/vec4;
    %pushi/vec4 1, 0, 2;
    %cmp/u;
    %jmp/1 T_0.3, 6;
    %dup/vec4;
    %pushi/vec4 2, 0, 2;
    %cmp/u;
    %jmp/1 T_0.4, 6;
    %dup/vec4;
    %pushi/vec4 3, 0, 2;
    %cmp/u;
    %jmp/1 T_0.5, 6;
    %vpi_call 2 11 "$display", "Error" {0 0 0};
    %jmp T_0.7;
T_0.2 ;
    %pushi/vec4 1, 0, 4;
    %assign/vec4 v0x7feb61616550_0, 0;
    %jmp T_0.7;
T_0.3 ;
    %pushi/vec4 2, 0, 4;
    %assign/vec4 v0x7feb61616550_0, 0;
    %jmp T_0.7;
T_0.4 ;
    %pushi/vec4 4, 0, 4;
    %assign/vec4 v0x7feb61616550_0, 0;
    %jmp T_0.7;
T_0.5 ;
    %pushi/vec4 8, 0, 4;
    %assign/vec4 v0x7feb61616550_0, 0;
    %jmp T_0.7;
T_0.7 ;
    %pop/vec4 1;
T_0.0 ;
    %jmp T_0;
    .thread T_0, $push;
# The file index is used to find the file name in the following table.
:file_names 3;
    "N/A";
    "<interactive>";
    "decoder2x4_switch.v";
