#! /usr/local/Cellar/icarus-verilog/10.2_1/bin/vvp
:ivl_version "10.2 (stable)" "(v10_2)";
:ivl_delay_selection "TYPICAL";
:vpi_time_precision + 0;
:vpi_module "system";
:vpi_module "vhdl_sys";
:vpi_module "v2005_math";
:vpi_module "va_math";
S_0x7f88f8e00160 .scope module, "demux1x8_always" "demux1x8_always" 2 1;
 .timescale 0 0;
    .port_info 0 /INPUT 1 "in"
    .port_info 1 /INPUT 3 "sel"
    .port_info 2 /OUTPUT 8 "result"
o0x10c155008 .functor BUFZ 1, C4<z>; HiZ drive
v0x7f88f8e00370_0 .net "in", 0 0, o0x10c155008;  0 drivers
v0x7f88f8e10420_0 .var "result", 7 0;
o0x10c155068 .functor BUFZ 3, C4<zzz>; HiZ drive
v0x7f88f8e104c0_0 .net "sel", 2 0, o0x10c155068;  0 drivers
E_0x7f88f8e00320 .event edge, v0x7f88f8e104c0_0;
    .scope S_0x7f88f8e00160;
T_0 ;
    %wait E_0x7f88f8e00320;
    %load/vec4 v0x7f88f8e104c0_0;
    %cmpi/e 0, 0, 3;
    %jmp/0xz  T_0.0, 4;
    %pushi/vec4 1, 0, 8;
    %assign/vec4 v0x7f88f8e10420_0, 0;
    %jmp T_0.1;
T_0.0 ;
    %load/vec4 v0x7f88f8e104c0_0;
    %cmpi/e 1, 0, 3;
    %jmp/0xz  T_0.2, 4;
    %pushi/vec4 2, 0, 8;
    %assign/vec4 v0x7f88f8e10420_0, 0;
    %jmp T_0.3;
T_0.2 ;
    %load/vec4 v0x7f88f8e104c0_0;
    %cmpi/e 2, 0, 3;
    %jmp/0xz  T_0.4, 4;
    %pushi/vec4 4, 0, 8;
    %assign/vec4 v0x7f88f8e10420_0, 0;
    %jmp T_0.5;
T_0.4 ;
    %load/vec4 v0x7f88f8e104c0_0;
    %cmpi/e 3, 0, 3;
    %jmp/0xz  T_0.6, 4;
    %pushi/vec4 8, 0, 8;
    %assign/vec4 v0x7f88f8e10420_0, 0;
    %jmp T_0.7;
T_0.6 ;
    %load/vec4 v0x7f88f8e104c0_0;
    %cmpi/e 4, 0, 3;
    %jmp/0xz  T_0.8, 4;
    %pushi/vec4 16, 0, 8;
    %assign/vec4 v0x7f88f8e10420_0, 0;
    %jmp T_0.9;
T_0.8 ;
    %load/vec4 v0x7f88f8e104c0_0;
    %cmpi/e 5, 0, 3;
    %jmp/0xz  T_0.10, 4;
    %pushi/vec4 32, 0, 8;
    %assign/vec4 v0x7f88f8e10420_0, 0;
    %jmp T_0.11;
T_0.10 ;
    %load/vec4 v0x7f88f8e104c0_0;
    %cmpi/e 6, 0, 3;
    %jmp/0xz  T_0.12, 4;
    %pushi/vec4 64, 0, 8;
    %assign/vec4 v0x7f88f8e10420_0, 0;
    %jmp T_0.13;
T_0.12 ;
    %pushi/vec4 128, 0, 8;
    %assign/vec4 v0x7f88f8e10420_0, 0;
T_0.13 ;
T_0.11 ;
T_0.9 ;
T_0.7 ;
T_0.5 ;
T_0.3 ;
T_0.1 ;
    %jmp T_0;
    .thread T_0, $push;
# The file index is used to find the file name in the following table.
:file_names 3;
    "N/A";
    "<interactive>";
    "demux1x8_always.v";
