#! /usr/local/Cellar/icarus-verilog/10.2_1/bin/vvp
:ivl_version "10.2 (stable)" "(v10_2)";
:ivl_delay_selection "TYPICAL";
:vpi_time_precision + 0;
:vpi_module "system";
:vpi_module "vhdl_sys";
:vpi_module "v2005_math";
:vpi_module "va_math";
S_0x7fcd1b408db0 .scope module, "mux8x1_always" "mux8x1_always" 2 1;
 .timescale 0 0;
    .port_info 0 /INPUT 8 "in"
    .port_info 1 /INPUT 1 "sel"
    .port_info 2 /OUTPUT 1 "result"
o0x100b6c008 .functor BUFZ 8, C4<zzzzzzzz>; HiZ drive
v0x7fcd1b408f10_0 .net "in", 7 0, o0x100b6c008;  0 drivers
v0x7fcd1b418ec0_0 .var "result", 0 0;
o0x100b6c068 .functor BUFZ 1, C4<z>; HiZ drive
v0x7fcd1b418f60_0 .net "sel", 0 0, o0x100b6c068;  0 drivers
E_0x7fcd1b403bd0 .event edge, v0x7fcd1b418f60_0, v0x7fcd1b408f10_0;
    .scope S_0x7fcd1b408db0;
T_0 ;
    %wait E_0x7fcd1b403bd0;
    %load/vec4 v0x7fcd1b418f60_0;
    %pad/u 3;
    %cmpi/e 0, 0, 3;
    %jmp/0xz  T_0.0, 4;
    %load/vec4 v0x7fcd1b408f10_0;
    %parti/s 1, 0, 2;
    %store/vec4 v0x7fcd1b418ec0_0, 0, 1;
    %jmp T_0.1;
T_0.0 ;
    %load/vec4 v0x7fcd1b418f60_0;
    %pad/u 3;
    %cmpi/e 1, 0, 3;
    %jmp/0xz  T_0.2, 4;
    %load/vec4 v0x7fcd1b408f10_0;
    %parti/s 1, 1, 2;
    %store/vec4 v0x7fcd1b418ec0_0, 0, 1;
    %jmp T_0.3;
T_0.2 ;
    %load/vec4 v0x7fcd1b418f60_0;
    %pad/u 3;
    %cmpi/e 2, 0, 3;
    %jmp/0xz  T_0.4, 4;
    %load/vec4 v0x7fcd1b408f10_0;
    %parti/s 1, 2, 3;
    %store/vec4 v0x7fcd1b418ec0_0, 0, 1;
    %jmp T_0.5;
T_0.4 ;
    %load/vec4 v0x7fcd1b418f60_0;
    %pad/u 3;
    %cmpi/e 3, 0, 3;
    %jmp/0xz  T_0.6, 4;
    %load/vec4 v0x7fcd1b408f10_0;
    %parti/s 1, 3, 3;
    %store/vec4 v0x7fcd1b418ec0_0, 0, 1;
    %jmp T_0.7;
T_0.6 ;
    %load/vec4 v0x7fcd1b418f60_0;
    %pad/u 3;
    %cmpi/e 4, 0, 3;
    %jmp/0xz  T_0.8, 4;
    %load/vec4 v0x7fcd1b408f10_0;
    %parti/s 1, 4, 4;
    %store/vec4 v0x7fcd1b418ec0_0, 0, 1;
    %jmp T_0.9;
T_0.8 ;
    %load/vec4 v0x7fcd1b418f60_0;
    %pad/u 3;
    %cmpi/e 5, 0, 3;
    %jmp/0xz  T_0.10, 4;
    %load/vec4 v0x7fcd1b408f10_0;
    %parti/s 1, 5, 4;
    %store/vec4 v0x7fcd1b418ec0_0, 0, 1;
    %jmp T_0.11;
T_0.10 ;
    %load/vec4 v0x7fcd1b418f60_0;
    %pad/u 3;
    %cmpi/e 6, 0, 3;
    %jmp/0xz  T_0.12, 4;
    %load/vec4 v0x7fcd1b408f10_0;
    %parti/s 1, 6, 4;
    %store/vec4 v0x7fcd1b418ec0_0, 0, 1;
    %jmp T_0.13;
T_0.12 ;
    %load/vec4 v0x7fcd1b408f10_0;
    %parti/s 1, 7, 4;
    %store/vec4 v0x7fcd1b418ec0_0, 0, 1;
T_0.13 ;
T_0.11 ;
T_0.9 ;
T_0.7 ;
T_0.5 ;
T_0.3 ;
T_0.1 ;
    %jmp T_0;
    .thread T_0, $push;
# The file index is used to find the file name in the following table.
:file_names 3;
    "N/A";
    "<interactive>";
    "mux8x1_always.v";
