#! /usr/local/Cellar/icarus-verilog/10.2_1/bin/vvp
:ivl_version "10.2 (stable)" "(v10_2)";
:ivl_delay_selection "TYPICAL";
:vpi_time_precision + 0;
:vpi_module "system";
:vpi_module "vhdl_sys";
:vpi_module "v2005_math";
:vpi_module "va_math";
S_0x7fa64b500390 .scope module, "t_flip_flop" "t_flip_flop" 2 1;
 .timescale 0 0;
    .port_info 0 /OUTPUT 1 "q"
    .port_info 1 /OUTPUT 1 "q1"
    .port_info 2 /INPUT 1 "t"
    .port_info 3 /INPUT 1 "c"
o0x1085f1008 .functor BUFZ 1, C4<z>; HiZ drive
v0x7fa64b5005a0_0 .net "c", 0 0, o0x1085f1008;  0 drivers
v0x7fa64b510650_0 .var "q", 0 0;
v0x7fa64b5106f0_0 .var "q1", 0 0;
o0x1085f1098 .functor BUFZ 1, C4<z>; HiZ drive
v0x7fa64b510780_0 .net "t", 0 0, o0x1085f1098;  0 drivers
E_0x7fa64b500550 .event edge, v0x7fa64b5005a0_0;
    .scope S_0x7fa64b500390;
T_0 ;
    %pushi/vec4 1, 0, 1;
    %store/vec4 v0x7fa64b510650_0, 0, 1;
    %pushi/vec4 0, 0, 1;
    %store/vec4 v0x7fa64b5106f0_0, 0, 1;
    %end;
    .thread T_0;
    .scope S_0x7fa64b500390;
T_1 ;
    %wait E_0x7fa64b500550;
    %load/vec4 v0x7fa64b5005a0_0;
    %flag_set/vec4 8;
    %jmp/0xz  T_1.0, 8;
    %load/vec4 v0x7fa64b510780_0;
    %cmpi/e 0, 0, 1;
    %jmp/0xz  T_1.2, 4;
    %load/vec4 v0x7fa64b510650_0;
    %store/vec4 v0x7fa64b510650_0, 0, 1;
    %load/vec4 v0x7fa64b5106f0_0;
    %store/vec4 v0x7fa64b5106f0_0, 0, 1;
    %jmp T_1.3;
T_1.2 ;
    %load/vec4 v0x7fa64b510650_0;
    %inv;
    %store/vec4 v0x7fa64b510650_0, 0, 1;
    %load/vec4 v0x7fa64b5106f0_0;
    %inv;
    %store/vec4 v0x7fa64b5106f0_0, 0, 1;
T_1.3 ;
T_1.0 ;
    %jmp T_1;
    .thread T_1, $push;
# The file index is used to find the file name in the following table.
:file_names 3;
    "N/A";
    "<interactive>";
    "Tflipflop.v";
