#! /usr/local/Cellar/icarus-verilog/10.2_1/bin/vvp
:ivl_version "10.2 (stable)" "(v10_2)";
:ivl_delay_selection "TYPICAL";
:vpi_time_precision + 0;
:vpi_module "system";
:vpi_module "vhdl_sys";
:vpi_module "v2005_math";
:vpi_module "va_math";
S_0x7fd285f00b50 .scope module, "counter8bit" "counter8bit" 2 1;
 .timescale 0 0;
    .port_info 0 /INPUT 1 "clock"
    .port_info 1 /INPUT 1 "reset"
    .port_info 2 /INPUT 1 "enable"
    .port_info 3 /OUTPUT 8 "count_out"
o0x1008c5008 .functor BUFZ 1, C4<z>; HiZ drive
v0x7fd285f00d10_0 .net "clock", 0 0, o0x1008c5008;  0 drivers
v0x7fd285f10d80_0 .var "count_out", 7 0;
o0x1008c5068 .functor BUFZ 1, C4<z>; HiZ drive
v0x7fd285f10e20_0 .net "enable", 0 0, o0x1008c5068;  0 drivers
o0x1008c5098 .functor BUFZ 1, C4<z>; HiZ drive
v0x7fd285f10ed0_0 .net "reset", 0 0, o0x1008c5098;  0 drivers
E_0x7fd285f00730 .event posedge, v0x7fd285f00d10_0;
    .scope S_0x7fd285f00b50;
T_0 ;
    %wait E_0x7fd285f00730;
    %load/vec4 v0x7fd285f10ed0_0;
    %cmpi/e 1, 0, 1;
    %jmp/0xz  T_0.0, 4;
    %pushi/vec4 0, 0, 8;
    %assign/vec4 v0x7fd285f10d80_0, 1;
    %jmp T_0.1;
T_0.0 ;
    %load/vec4 v0x7fd285f10e20_0;
    %cmpi/e 1, 0, 1;
    %jmp/0xz  T_0.2, 4;
    %load/vec4 v0x7fd285f10d80_0;
    %addi 1, 0, 8;
    %assign/vec4 v0x7fd285f10d80_0, 1;
T_0.2 ;
T_0.1 ;
    %jmp T_0;
    .thread T_0;
# The file index is used to find the file name in the following table.
:file_names 3;
    "N/A";
    "<interactive>";
    "8bitupcounter.v";
